C51 COMPILER V9.60.0.0   MAIN                                                              03/12/2022 10:54:53 PAGE 1   


C51 COMPILER V9.60.0.0, COMPILATION OF MODULE MAIN
OBJECT MODULE PLACED IN .\Objects\main.obj
COMPILER INVOKED BY: C:\lanqiao_keil_v5\C51\BIN\C51.EXE main.c OPTIMIZE(8,SPEED) BROWSE DEBUG OBJECTEXTEND PRINT(.\Listi
                    -ngs\main.lst) TABS(2) OBJECT(.\Objects\main.obj)

line level    source

   1          #include "reg52.h"
   2          
   3          unsigned char code SMG_duanma[18]=
   4            {0xc0,0xf9,0xa4,0xb0,0x99,0x92,0x82,0xf8,0x80,0x90,
   5             0x88,0x80,0xc6,0xc0,0x86,0x8e,
   6             0xbf,0x7f};    //0-9,A-F,-和.
   7          unsigned int year = 1234;
   8          unsigned int month = 1;
   9          
  10          void SelectHC573(unsigned char channel)
  11          {
  12   1        switch(channel)
  13   1          {
  14   2            case 4:
  15   2              P2 = (P2 & 0x1f) | 0x80;
  16   2            break;
  17   2            case 5:
  18   2              P2 = (P2 & 0x1f) | 0xa0;
  19   2            break;
  20   2            case 6:
  21   2              P2 = (P2 & 0x1f) | 0xc0;
  22   2            break;
  23   2            case 7:
  24   2              P2 = (P2 & 0x1f) | 0xe0;
  25   2            break;
  26   2          }
  27   1      }
  28          
  29          void DisplaySMG_Bit(unsigned char value, unsigned char pos)
  30          {
  31   1        SelectHC573(6);
  32   1        P0 = 0x01 << pos;
  33   1        SelectHC573(7);
  34   1        P0 = value ;
  35   1      }
  36          
  37          void DelaySMG(unsigned int t)
  38          {
  39   1        while(t--);
  40   1      }
  41          
  42          void Display_Dynamic()
  43          {
  44   1        DisplaySMG_Bit(SMG_duanma[year/1000],0);
  45   1        DelaySMG(600);
  46   1        DisplaySMG_Bit(SMG_duanma[year%1000/100],1);
  47   1        DelaySMG(600);
  48   1        DisplaySMG_Bit(SMG_duanma[year%100/10],2);
  49   1        DelaySMG(600);
  50   1        DisplaySMG_Bit(SMG_duanma[year%10],3);
  51   1        DelaySMG(600);
  52   1        
  53   1        DisplaySMG_Bit(SMG_duanma[16],4);
  54   1        DelaySMG(600);
C51 COMPILER V9.60.0.0   MAIN                                                              03/12/2022 10:54:53 PAGE 2   

  55   1        DisplaySMG_Bit(SMG_duanma[16],5);
  56   1        DelaySMG(600);
  57   1        
  58   1        DisplaySMG_Bit(SMG_duanma[month/10],6);
  59   1        DelaySMG(600);
  60   1        DisplaySMG_Bit(SMG_duanma[month%10],7);
  61   1        DelaySMG(600);
  62   1      }
  63          
  64          void Delay(unsigned int t)    //不能用char
  65          {
  66   1        while(t--)
  67   1        {
  68   2          Display_Dynamic();
  69   2        }
  70   1      }
  71          
  72             
  73          
  74          void InitSystem() //初始化系统，关掉无关设备（蜂鸣器、继电器这些）
  75          {
  76   1        SelectHC573(4);   //Y4输出低电平,关灯
  77   1        P0 = 0xff;      
  78   1        SelectHC573(5);   //Y5输出低电平
  79   1        P0 = 0x00;      
  80   1      }
  81            
  82          void main()
  83          {
  84   1        InitSystem();
  85   1        Display_Dynamic();
  86   1        while(1)
  87   1        {
  88   2          month++;
  89   2          if(month > 12)
  90   2          {
  91   3            month = 1;
  92   3            year++;
  93   3          }
  94   2          Delay(100);
  95   2        }
  96   1      }
  97          
  98              
  99              


MODULE INFORMATION:   STATIC OVERLAYABLE
   CODE SIZE        =    402    ----
   CONSTANT SIZE    =     18    ----
   XDATA SIZE       =   ----    ----
   PDATA SIZE       =   ----    ----
   DATA SIZE        =      4    ----
   IDATA SIZE       =   ----    ----
   BIT SIZE         =   ----    ----
END OF MODULE INFORMATION.


C51 COMPILATION COMPLETE.  0 WARNING(S),  0 ERROR(S)
