C51 COMPILER V9.60.0.0   MAIN                                                              03/13/2022 13:07:10 PAGE 1   


C51 COMPILER V9.60.0.0, COMPILATION OF MODULE MAIN
OBJECT MODULE PLACED IN .\Objects\main.obj
COMPILER INVOKED BY: C:\lanqiao_keil_v5\C51\BIN\C51.EXE main.c OPTIMIZE(8,SPEED) BROWSE DEBUG OBJECTEXTEND PRINT(.\Listi
                    -ngs\main.lst) TABS(2) OBJECT(.\Objects\main.obj)

line level    source

   1          #include "reg52.h"
   2          
   3          
   4          sbit L1 = P0^0;
   5          sbit S7 = P3^0;
   6          
   7          void SelectHC573()
   8          {
   9   1        P2 = (P2 & 0x1f) | 0x80;
  10   1      }
  11          
  12          //===================定时相关函数======================
  13          unsigned char count = 0;
  14          unsigned char pwm_duty = 0;
  15          void InitTimer0()
  16          {
  17   1        TMOD = 0x01;
  18   1        TH0 = (65535 - 100) / 256;
  19   1        TL0 = (65535 - 100) % 256;
  20   1        
  21   1        ET0 = 1;
  22   1        EA = 1;
  23   1          
  24   1      }
  25          
  26          void ServiceTimer0() interrupt 1
  27          {
  28   1        //手动重装
  29   1        TH0 = (65535 - 100) / 256;
  30   1        TL0 = (65535 - 100) % 256;
  31   1        
  32   1        count++;
  33   1        if(count == pwm_duty)
  34   1        {
  35   2          L1 = 1;
  36   2        }
  37   1        else if(count == 100) //一个PWM周期
  38   1        {
  39   2          L1 = 0;
  40   2          count = 0;
  41   2        }
  42   1        
  43   1        
  44   1      }
  45          
  46          //===================按键相关函数======================
  47          void Delay(unsigned int t)
  48          {
  49   1        while(t--);
  50   1      }
  51          
  52          unsigned char stat = 0;
  53          void ScanKeys()
  54          {
C51 COMPILER V9.60.0.0   MAIN                                                              03/13/2022 13:07:10 PAGE 2   

  55   1        if(S7 == 0)
  56   1        {
  57   2          Delay(100);
  58   2          if(S7 == 0)
  59   2          {
  60   3            switch(stat)
  61   3            {
  62   4              case 0:
  63   4              {
  64   5                L1 = 0;
  65   5                TR0 = 1;
  66   5                pwm_duty = 10;
  67   5                stat = 1;
  68   5                break;
  69   5              }
  70   4              case 1:
  71   4              {
  72   5                pwm_duty = 50;
  73   5                stat = 2;
  74   5                break;
  75   5              }
  76   4              case 2:
  77   4              {
  78   5                pwm_duty = 90;
  79   5                stat = 3;
  80   5                break;
  81   5              }       
  82   4              case 3 :
  83   4              {
  84   5                L1 = 1;
  85   5                TR0 = 0;
  86   5                stat = 0;
  87   5                break;
  88   5              }
  89   4            }       
  90   3            while(S7 == 0)  //去除误操作
  91   3              Delay(500);
  92   3      
  93   3          }
  94   2        }
  95   1        
  96   1      }
  97          
  98          //====================================================
  99          
 100          void main()
 101          {
 102   1        SelectHC573();
 103   1        L1 = 1;
 104   1        InitTimer0();
 105   1        while(1)
 106   1        {
 107   2          ScanKeys();
 108   2        }
 109   1        
 110   1        
 111   1      }


MODULE INFORMATION:   STATIC OVERLAYABLE
   CODE SIZE        =    159    ----
   CONSTANT SIZE    =   ----    ----
C51 COMPILER V9.60.0.0   MAIN                                                              03/13/2022 13:07:10 PAGE 3   

   XDATA SIZE       =   ----    ----
   PDATA SIZE       =   ----    ----
   DATA SIZE        =      3    ----
   IDATA SIZE       =   ----    ----
   BIT SIZE         =   ----    ----
END OF MODULE INFORMATION.


C51 COMPILATION COMPLETE.  0 WARNING(S),  0 ERROR(S)
