C51 COMPILER V9.60.0.0   MAIN                                                              03/12/2022 10:11:55 PAGE 1   


C51 COMPILER V9.60.0.0, COMPILATION OF MODULE MAIN
OBJECT MODULE PLACED IN .\Objects\main.obj
COMPILER INVOKED BY: C:\lanqiao_keil_v5\C51\BIN\C51.EXE main.c OPTIMIZE(8,SPEED) BROWSE DEBUG OBJECTEXTEND PRINT(.\Listi
                    -ngs\main.lst) TABS(2) OBJECT(.\Objects\main.obj)

line level    source

   1          #include "reg52.h"
   2          
   3          unsigned char code SMG_duanma[18]=
   4            {0xc0,0xf9,0xa4,0xb0,0x99,0x92,0x82,0xf8,0x80,0x90,
   5             0x88,0x80,0xc6,0xc0,0x86,0x8e,
   6             0xbf,0x7f};    //0-9,A-F,-和.
   7            
   8          void Delay(unsigned int t)    //不能用char
   9          {
  10   1        while(t--);
  11   1        while(t--);
  12   1        while(t--);
  13   1      }
  14          
  15          void InitHC138(unsigned char n)
  16          {
  17   1          switch(n)
  18   1          {
  19   2            case 4:
  20   2              P2 = (P2 & 0x1f) | 0x80;
  21   2            break;
  22   2            case 5:
  23   2              P2 = (P2 & 0x1f) | 0xa0;
  24   2            break;
  25   2            case 6:
  26   2              P2 = (P2 & 0x1f) | 0xc0;
  27   2            break;
  28   2            case 7:
  29   2              P2 = (P2 & 0x1f) | 0xe0;
  30   2            break;
  31   2          }
  32   1      }
  33          
  34          void ShowSMG()
  35          {
  36   1        InitHC138(6);
  37   1        P0 = 0x01;  //位选，第一个
  38   1        InitHC138(7);
  39   1        P0 = 0x82;  //段选6
  40   1      
  41   1      }
  42          void ShowSMG_Bit(unsigned char dat, unsigned pos)
  43          {
  44   1      
  45   1      
  46   1        InitHC138(6); //数码管的位置
  47   1        P0 = 0x01 << pos;
  48   1        InitHC138(7); //数码管的内容
  49   1        P0 = dat;
  50   1      }
  51          
  52          void SMG_Static()
  53          {
  54   1        unsigned char i,j;
C51 COMPILER V9.60.0.0   MAIN                                                              03/12/2022 10:11:55 PAGE 2   

  55   1        for(i = 0; i < 8; i++)    //逐个显示0-9
  56   1        {
  57   2          for(j = 0;j < 10; j++)
  58   2          {
  59   3            ShowSMG_Bit(SMG_duanma[j],i);
  60   3            Delay(60000);
  61   3            Delay(40000);
  62   3          }
  63   2        }
  64   1        
  65   1        for(j = 0; j < 16 ; j++) //集体显示0-F
  66   1        {
  67   2          InitHC138(6);
  68   2          P0 = 0xff;
  69   2          InitHC138(7);
  70   2          P0 = SMG_duanma[j];
  71   2          Delay(40000);
  72   2          Delay(60000);
  73   2        }
  74   1      
  75   1      }
  76            
  77            
  78          void InitSystem() //初始化系统，关掉无关设备（蜂鸣器、继电器这些）
  79          {
  80   1        InitHC138(4);   //Y5输出低电平
  81   1        P0 = 0xff;      
  82   1        InitHC138(5);   //Y5输出低电平
  83   1        P0 = 0x00;      
  84   1        //OutPutP0(5,0x00);
  85   1      }
  86            
  87          void main()
  88          {
  89   1      
  90   1        InitSystem();
  91   1        while(1)
  92   1        {
  93   2      
  94   2          SMG_Static();
  95   2        }
  96   1      }


MODULE INFORMATION:   STATIC OVERLAYABLE
   CODE SIZE        =    251    ----
   CONSTANT SIZE    =     18    ----
   XDATA SIZE       =   ----    ----
   PDATA SIZE       =   ----    ----
   DATA SIZE        =   ----    ----
   IDATA SIZE       =   ----    ----
   BIT SIZE         =   ----    ----
END OF MODULE INFORMATION.


C51 COMPILATION COMPLETE.  0 WARNING(S),  0 ERROR(S)
