C51 COMPILER V9.60.0.0   MAIN                                                              03/12/2022 16:42:08 PAGE 1   


C51 COMPILER V9.60.0.0, COMPILATION OF MODULE MAIN
OBJECT MODULE PLACED IN .\Objects\main.obj
COMPILER INVOKED BY: C:\lanqiao_keil_v5\C51\BIN\C51.EXE main.c OPTIMIZE(8,SPEED) BROWSE DEBUG OBJECTEXTEND PRINT(.\Listi
                    -ngs\main.lst) TABS(2) OBJECT(.\Objects\main.obj)

line level    source

   1          #include "reg52.h"
   2          
   3          //定义按键
   4          sbit S7 = P3^0;
   5          sbit S6 = P3^1;
   6          sbit S5 = P3^2;
   7          sbit S4 = P3^3;
   8          //定义LED灯
   9          sbit L1 = P0^0;
  10          sbit L2 = P0^1;
  11          sbit L3 = P0^2;
  12          sbit L4 = P0^3;
  13          sbit L5 = P0^4;
  14          sbit L6 = P0^5;
  15          
  16          
  17          void SelectHC573(unsigned char channel)
  18          {
  19   1        switch(channel)
  20   1        {
  21   2          case 4:
  22   2            P2 = (P2 & 0x1f) | 0x80;
  23   2          break;
  24   2          case 5:
  25   2            P2 = (P2 & 0x1f) | 0xa0;
  26   2          break;
  27   2          case 6:
  28   2            P2 = (P2 & 0x1f) | 0xc0;
  29   2          break;
  30   2          case 7:
  31   2            P2 = (P2 & 0x1f) | 0xe0;
  32   2          break;
  33   2        }
  34   1      }
  35          
  36          void DelayK(unsigned char t)
  37          {
  38   1        while(t--);
  39   1      }
  40          
  41            
  42          void ScanKeys_Alone()
  43          {
  44   1        if(S7 == 0)
  45   1        {
  46   2          DelayK(100);
  47   2          if(S7 == 0)
  48   2          {
  49   3            L1 = 0;
  50   3            while(S7 == 0); //只要按键一直按着，s7恒为0，循环出不来，就一直亮着
  51   3            L1 = 1;
  52   3          }
  53   2        }
  54   1        if(S6 == 0)
C51 COMPILER V9.60.0.0   MAIN                                                              03/12/2022 16:42:08 PAGE 2   

  55   1        {
  56   2          DelayK(100);
  57   2          if(S6 == 0)
  58   2          {
  59   3            L2 = 0;
  60   3            while(S6 == 0);
  61   3            L2 = 1;
  62   3          }
  63   2        }
  64   1        if(S5 == 0)
  65   1        {
  66   2          DelayK(100);
  67   2          if(S5 == 0)
  68   2          {
  69   3            L3 = 0;
  70   3            while(S5 == 0);
  71   3            L3 = 1;
  72   3          }
  73   2        }
  74   1        if(S4 == 0)
  75   1        {
  76   2          DelayK(100);
  77   2          if(S4 == 0)
  78   2          {
  79   3            L4 = 0;
  80   3            while(S4 == 0);
  81   3            L4 = 1;
  82   3          }
  83   2        }
  84   1      }
  85          
  86          void InitSystem() //初始化系统，关掉无关设备（蜂鸣器、继电器这些）
  87          {
  88   1        SelectHC573(4);   //Y4输出低电平,关灯
  89   1        P0 = 0xff;      
  90   1        SelectHC573(5);   //Y5输出低电平
  91   1        P0 = 0x00;      
  92   1      }
  93          
  94          
  95          
  96          void main()
  97          {
  98   1        //InitSystem();
  99   1        SelectHC573(4);
 100   1        while(1)
 101   1        {
 102   2          ScanKeys_Alone();
 103   2        }
 104   1        
 105   1      }
 106            
 107            
 108            


MODULE INFORMATION:   STATIC OVERLAYABLE
   CODE SIZE        =    157    ----
   CONSTANT SIZE    =   ----    ----
   XDATA SIZE       =   ----    ----
   PDATA SIZE       =   ----    ----
   DATA SIZE        =   ----    ----
C51 COMPILER V9.60.0.0   MAIN                                                              03/12/2022 16:42:08 PAGE 3   

   IDATA SIZE       =   ----    ----
   BIT SIZE         =   ----    ----
END OF MODULE INFORMATION.


C51 COMPILATION COMPLETE.  0 WARNING(S),  0 ERROR(S)
