C51 COMPILER V9.60.0.0   MIAN_PLUS                                                         03/12/2022 17:17:15 PAGE 1   


C51 COMPILER V9.60.0.0, COMPILATION OF MODULE MIAN_PLUS
OBJECT MODULE PLACED IN .\Objects\mian_plus.obj
COMPILER INVOKED BY: C:\lanqiao_keil_v5\C51\BIN\C51.EXE mian_plus.c OPTIMIZE(8,SPEED) BROWSE DEBUG OBJECTEXTEND PRINT(.\
                    -Listings\mian_plus.lst) TABS(2) OBJECT(.\Objects\mian_plus.obj)

line level    source

   1          #include "reg52.h"
   2          
   3          //定义按键
   4          sbit S7 = P3^0;
   5          sbit S6 = P3^1;
   6          sbit S5 = P3^2;
   7          sbit S4 = P3^3;
   8          //定义LED灯
   9          sbit L1 = P0^0;
  10          sbit L2 = P0^1;
  11          sbit L3 = P0^2;
  12          sbit L4 = P0^3;
  13          sbit L5 = P0^4;
  14          sbit L6 = P0^5;
  15          
  16          
  17          void SelectHC573(unsigned char channel)
  18          {
  19   1        switch(channel)
  20   1        {
  21   2          case 4:
  22   2            P2 = (P2 & 0x1f) | 0x80;
  23   2          break;
  24   2          case 5:
  25   2            P2 = (P2 & 0x1f) | 0xa0;
  26   2          break;
  27   2          case 6:
  28   2            P2 = (P2 & 0x1f) | 0xc0;
  29   2          break;
  30   2          case 7:
  31   2            P2 = (P2 & 0x1f) | 0xe0;
  32   2          break;
  33   2        }
  34   1      }
  35          
  36          void DelayK(unsigned char t)
  37          {
  38   1        while(t--);
  39   1      }
  40          
  41          unsigned char start_k = 0;  //S7、S6按下标志位
  42          void ScanKeys_Alone()
  43          {
  44   1        if(S7 == 0)
  45   1        {
  46   2          DelayK(100);
  47   2          if(S7 == 0)
  48   2          {
  49   3              if(start_k == 0)
  50   3              {
  51   4                L1 = 0;
  52   4                start_k = 1;
  53   4              }
  54   3              else if(start_k == 1)
C51 COMPILER V9.60.0.0   MIAN_PLUS                                                         03/12/2022 17:17:15 PAGE 2   

  55   3              {
  56   4                L1 = 1;
  57   4                start_k = 0;
  58   4              }
  59   3              while(S7 == 0);   //细节处理，按下消除抖动，这样可以保证按下就亮，不然有时候按下不亮 
  60   3          }
  61   2        }
  62   1        if(S6 == 0)
  63   1        {
  64   2          DelayK(100);
  65   2          if(S6 == 0)
  66   2          {
  67   3              if(start_k == 0)
  68   3              {
  69   4                L2 = 0;
  70   4                start_k = 2;
  71   4              }
  72   3              else if(start_k == 2) //用不同变量大小起到异或的功能
  73   3              {
  74   4                L2 = 1;
  75   4                start_k = 0;
  76   4              }
  77   3              while(S6 == 0);   //细节处理，按下消除抖动，这样可以保证按下就亮，不然有时候按下不亮 
  78   3          }
  79   2        }
  80   1        if(S5 == 0)
  81   1        {
  82   2          DelayK(100);
  83   2          if(S5 == 0)
  84   2          {
  85   3            if(start_k == 1)    //分组功能
  86   3            {
  87   4              L3 = 0;
  88   4              while(S5 == 0);
  89   4              L3 = 1;
  90   4            }
  91   3            else if(start_k == 2)
  92   3            {
  93   4              L5 = 0;
  94   4              while(S5 == 0); 
  95   4              L5 = 1;
  96   4            }
  97   3          }
  98   2        }
  99   1        if(S4 == 0)
 100   1        {
 101   2          DelayK(100);
 102   2          if(S4 == 0)
 103   2          {
 104   3            if(start_k == 1)    //分组功能
 105   3            {
 106   4              L4 = 0;
 107   4              while(S4 == 0);
 108   4              L4 = 1;
 109   4            }
 110   3            else if(start_k == 2)
 111   3            {
 112   4              L6 = 0;
 113   4              while(S4 == 0);
 114   4              L6 = 1;
 115   4            }
 116   3          }
C51 COMPILER V9.60.0.0   MIAN_PLUS                                                         03/12/2022 17:17:15 PAGE 3   

 117   2        }
 118   1      }
 119          
 120          void InitSystem() //初始化系统，关掉无关设备（蜂鸣器、继电器这些）
 121          {
 122   1        SelectHC573(4);   //Y4输出低电平,关灯
 123   1        P0 = 0xff;      
 124   1        SelectHC573(5);   //Y5输出低电平
 125   1        P0 = 0x00;      
 126   1      }
 127          
 128          
 129          
 130          void main()
 131          {
 132   1        //InitSystem();
 133   1        SelectHC573(4);
 134   1        while(1)
 135   1        {
 136   2          ScanKeys_Alone();
 137   2        }
 138   1        
 139   1      }
 140            
 141            
 142            


MODULE INFORMATION:   STATIC OVERLAYABLE
   CODE SIZE        =    244    ----
   CONSTANT SIZE    =   ----    ----
   XDATA SIZE       =   ----    ----
   PDATA SIZE       =   ----    ----
   DATA SIZE        =      1    ----
   IDATA SIZE       =   ----    ----
   BIT SIZE         =   ----    ----
END OF MODULE INFORMATION.


C51 COMPILATION COMPLETE.  0 WARNING(S),  0 ERROR(S)
