C51 COMPILER V9.60.0.0   MAIN                                                              03/13/2022 12:08:46 PAGE 1   


C51 COMPILER V9.60.0.0, COMPILATION OF MODULE MAIN
OBJECT MODULE PLACED IN .\Objects\main.obj
COMPILER INVOKED BY: C:\lanqiao_keil_v5\C51\BIN\C51.EXE main.c OPTIMIZE(8,SPEED) BROWSE DEBUG OBJECTEXTEND PRINT(.\Listi
                    -ngs\main.lst) TABS(2) OBJECT(.\Objects\main.obj)

line level    source

   1          #include "reg52.h"
   2          
   3          sbit S4 = P3^3;
   4          sbit S5 = P3^2;
   5          
   6          unsigned char t_m = 0;  //分
   7          unsigned char t_s = 0;  //秒
   8          unsigned char t_005s = 0; //0.005秒
   9          
  10          unsigned char code SMG_duanma[18]=
  11            {0xc0,0xf9,0xa4,0xb0,0x99,0x92,0x82,0xf8,0x80,0x90,
  12             0x88,0x80,0xc6,0xc0,0x86,0x8e,
  13             0xbf,0x7f};    //0-9,A-F,-和.
  14            
  15          
  16          void SelectHC573(unsigned char channel)
  17          {
  18   1        switch(channel)
  19   1        {
  20   2          case 4:
  21   2            P2 = (P2 & 0x1f) | 0x80;
  22   2          break;
  23   2          case 5:
  24   2            P2 = (P2 & 0x1f) | 0xa0;
  25   2          break;
  26   2          case 6:
  27   2            P2 = (P2 & 0x1f) | 0xc0;
  28   2          break;
  29   2          case 7:
  30   2            P2 = (P2 & 0x1f) | 0xe0;
  31   2          break;
  32   2        }   
  33   1      }
  34          
  35          void DisplaySMG_Bit(unsigned char value,unsigned char pos)
  36          {
  37   1        SelectHC573(6);
  38   1        P0 = 0x01 << pos; //位置选择
  39   1        SelectHC573(7);
  40   1        P0 = value;
  41   1      }
  42          void DelaySMG(unsigned int t)
  43          {
  44   1        while(t--);
  45   1      }
  46          
  47          void DisplayTime()
  48          {
  49   1        DisplaySMG_Bit(SMG_duanma[t_005s%10],7);
  50   1        DelaySMG(500);  //经验得出设置成500效果是最好的
  51   1        DisplaySMG_Bit(SMG_duanma[t_005s/10],6);
  52   1        DelaySMG(500);  //经验得出设置成500效果是最好的
  53   1        
  54   1        DisplaySMG_Bit(SMG_duanma[16],5);
C51 COMPILER V9.60.0.0   MAIN                                                              03/13/2022 12:08:46 PAGE 2   

  55   1        DelaySMG(500);  //经验得出设置成500效果是最好的
  56   1        
  57   1        DisplaySMG_Bit(SMG_duanma[t_s%10],4);
  58   1        DelaySMG(500);  //经验得出设置成500效果是最好的
  59   1        DisplaySMG_Bit(SMG_duanma[t_s/10],3);
  60   1        DelaySMG(500);  //经验得出设置成500效果是最好的
  61   1        
  62   1        DisplaySMG_Bit(SMG_duanma[16],2);
  63   1        DelaySMG(500);  //经验得出设置成500效果是最好的
  64   1        
  65   1        DisplaySMG_Bit(SMG_duanma[t_m%10],1);
  66   1        DelaySMG(500);  //经验得出设置成500效果是最好的
  67   1        DisplaySMG_Bit(SMG_duanma[t_m/10],0);
  68   1        DelaySMG(500);  //经验得出设置成500效果是最好的
  69   1        
  70   1        
  71   1      }
  72          
  73          
  74          
  75          
  76          
  77          
  78          
  79          
  80          
  81          
  82          
  83          //============定时器============
  84          void InitTimer0()
  85          {
  86   1        TMOD = 0x01;
  87   1        TH0 = (65535 - 50000) / 256;
  88   1        TL0 = (65535 - 50000) % 256;
  89   1        
  90   1        ET0 = 1;
  91   1        EA = 1;
  92   1        TR0 = 1;
  93   1        
  94   1        
  95   1        
  96   1      }
  97          
  98          
  99          void ServiceTimer0() interrupt 1
 100          {
 101   1        //先给定时器初值
 102   1        TH0 = (65535 - 50000) / 256;
 103   1        TL0 = (65535 - 50000) % 256;
 104   1        
 105   1        t_005s++;
 106   1        if(t_005s == 20)
 107   1        {
 108   2          t_s++;
 109   2          t_005s = 0;
 110   2          if(t_s == 60)
 111   2          {
 112   3            t_m++;
 113   3            t_s = 0;
 114   3          }
 115   2        }
 116   1        if(t_m == 99)
C51 COMPILER V9.60.0.0   MAIN                                                              03/13/2022 12:08:46 PAGE 3   

 117   1        {
 118   2          t_m = 0;
 119   2        }
 120   1        
 121   1        
 122   1        
 123   1      }
 124          
 125          //===============================
 126          void DelayK(unsigned int t)
 127          {
 128   1          while(t--);
 129   1      }
 130          
 131          void ScanKeys()
 132          {
 133   1        if(S4 == 0)   //秒表启动与暂停
 134   1        {
 135   2          DelayK(100);
 136   2          if(S4 == 0)
 137   2          {
 138   3            TR0 = ~TR0;
 139   3          }
 140   2          while(S4 == 0)  //减小按键带来的误差
 141   2          {
 142   3              DisplayTime();
 143   3          }
 144   2        }
 145   1        if(S5 == 0)   //秒表清零
 146   1        {
 147   2          DelayK(100);
 148   2          if(S5 == 0)
 149   2          {
 150   3            t_005s = 0;
 151   3            t_s = 0;
 152   3            t_m = 0;
 153   3          }
 154   2          while(S5 == 0)  //减小按键带来的误差
 155   2          {
 156   3              DisplayTime();
 157   3          }
 158   2        }
 159   1          
 160   1      }
 161              
 162          
 163          void main()
 164          {
 165   1        InitTimer0();
 166   1        while(1)
 167   1        {
 168   2          DisplayTime();
 169   2          ScanKeys();
 170   2        }
 171   1        
 172   1        
 173   1        
 174   1      }


MODULE INFORMATION:   STATIC OVERLAYABLE
   CODE SIZE        =    327    ----
C51 COMPILER V9.60.0.0   MAIN                                                              03/13/2022 12:08:46 PAGE 4   

   CONSTANT SIZE    =     18    ----
   XDATA SIZE       =   ----    ----
   PDATA SIZE       =   ----    ----
   DATA SIZE        =      3    ----
   IDATA SIZE       =   ----    ----
   BIT SIZE         =   ----    ----
END OF MODULE INFORMATION.


C51 COMPILATION COMPLETE.  0 WARNING(S),  0 ERROR(S)
