C51 COMPILER V9.60.0.0   MAIN                                                              03/12/2022 20:47:22 PAGE 1   


C51 COMPILER V9.60.0.0, COMPILATION OF MODULE MAIN
OBJECT MODULE PLACED IN .\Objects\main.obj
COMPILER INVOKED BY: C:\lanqiao_keil_v5\C51\BIN\C51.EXE main.c OPTIMIZE(8,SPEED) BROWSE DEBUG OBJECTEXTEND PRINT(.\Listi
                    -ngs\main.lst) TABS(2) OBJECT(.\Objects\main.obj)

line level    source

   1          #include "reg52.h"
   2          
   3          sfr P4 = 0xC0;    //P4口 头文件里面没得，但是在数据手册上面有，这里直接手动定义他的地址
   4          
   5          sbit row1 = P3^0;
   6          sbit row2 = P3^1;
   7          sbit row3 = P3^2;
   8          sbit row4 = P3^3;
   9          
  10          sbit column4 = P3^4;
  11          sbit column3 = P3^5;
  12          sbit column2 = P4^2;
  13          sbit column1 = P4^4;
  14          
  15          unsigned char code SMG_duanma[18]=
  16            {0xc0,0xf9,0xa4,0xb0,0x99,0x92,0x82,0xf8,0x80,0x90,
  17             0x88,0x80,0xc6,0xc0,0x86,0x8e,
  18             0xbf,0x7f};    //0-9,A-F,-和.
  19            
  20             
  21          void SelectHC573(unsigned char channel)
  22          {
  23   1        switch(channel)
  24   1        {
  25   2          case 4:
  26   2            P2 = (P2 & 0x01f) | 0x80;
  27   2          break;
  28   2          case 5:
  29   2            P2 = (P2 & 0x01f) | 0xa0;
  30   2          break;
  31   2          case 6:
  32   2            P2 = (P2 & 0x01f) | 0xc0;
  33   2          break;
  34   2          case 7:
  35   2            P2 = (P2 & 0x01f) | 0xe0;
  36   2          break;
  37   2        }
  38   1      }
  39          
  40          void DisplayKeyNum(unsigned char value)
  41          {
  42   1        SelectHC573(6);
  43   1        P0 = 0x01;
  44   1        SelectHC573(7);
  45   1        P0 = value;
  46   1      }
  47          unsigned char key_num;
  48          void ScanKeyMulti()
  49          {
  50   1      //--------第一行
  51   1        row1 = 0; row2 = row3 = row4 = 1; //第一行置0
  52   1        column1 = column2 = column3 = column4 = 1; //四列全置1
  53   1        if(column1 == 0)  //[1,1]=0 按下
  54   1        {
C51 COMPILER V9.60.0.0   MAIN                                                              03/12/2022 20:47:22 PAGE 2   

  55   2          while(column1 == 0);
  56   2          key_num = 0;
  57   2          DisplayKeyNum(SMG_duanma[key_num]);
  58   2        }
  59   1        else if(column2 == 0) //[1,2]=1 按下
  60   1        {
  61   2          while(column2 == 0);
  62   2          key_num = 1;
  63   2          DisplayKeyNum(SMG_duanma[key_num]);
  64   2        } 
  65   1        else if(column3 == 0) //[1,3]=2 按下
  66   1        {
  67   2          while(column3 == 0);
  68   2          key_num = 2;
  69   2          DisplayKeyNum(SMG_duanma[key_num]);
  70   2        } 
  71   1        else if(column4 == 0) //[1,4]=3 按下
  72   1        {
  73   2          while(column4 == 0);
  74   2          key_num = 3;
  75   2          DisplayKeyNum(SMG_duanma[key_num]);
  76   2        } 
  77   1      //--------第二行  
  78   1        row2 = 0; row1 = row3 = row4 = 1; //第二行置0
  79   1        column1 = column2 = column3 = column4 = 1; //四列全置1
  80   1        if(column1 == 0)  //[2,1]=4 按下
  81   1        {
  82   2          while(column1 == 0);
  83   2          key_num = 4;
  84   2          DisplayKeyNum(SMG_duanma[key_num]);
  85   2        }
  86   1        else if(column2 == 0) //[2,2]=5 按下
  87   1        {
  88   2          while(column2 == 0);
  89   2          key_num = 5;
  90   2          DisplayKeyNum(SMG_duanma[key_num]);
  91   2        } 
  92   1        else if(column3 == 0) //[2,3]=6 按下
  93   1        {
  94   2          while(column3 == 0);
  95   2          key_num = 6;
  96   2          DisplayKeyNum(SMG_duanma[key_num]);
  97   2        } 
  98   1        else if(column4 == 0) //[2,4]=7 按下
  99   1        {
 100   2          while(column4 == 0);
 101   2          key_num = 7;
 102   2          DisplayKeyNum(SMG_duanma[key_num]);
 103   2        } 
 104   1      //--------第三行  
 105   1        row3 = 0; row1 = row2 = row4 = 1; //第三行置0
 106   1        column1 = column2 = column3 = column4 = 1; //四列全置1
 107   1        if(column1 == 0)  //[3,1]=8 按下
 108   1        {
 109   2          while(column1 == 0);
 110   2          key_num = 8;
 111   2          DisplayKeyNum(SMG_duanma[key_num]);
 112   2        }
 113   1        else if(column2 == 0) //[3,2]=9 按下
 114   1        {
 115   2          while(column2 == 0);
 116   2          key_num = 9;
C51 COMPILER V9.60.0.0   MAIN                                                              03/12/2022 20:47:22 PAGE 3   

 117   2          DisplayKeyNum(SMG_duanma[key_num]);
 118   2        } 
 119   1        else if(column3 == 0) //[3,3]=a 按下
 120   1        {
 121   2          while(column3 == 0);
 122   2          key_num = 10;
 123   2          DisplayKeyNum(SMG_duanma[key_num]);
 124   2        } 
 125   1        else if(column4 == 0) //[3,4]=b 按下
 126   1        {
 127   2          while(column4 == 0);
 128   2          key_num = 11;
 129   2          DisplayKeyNum(SMG_duanma[key_num]);
 130   2        } 
 131   1      //--------第四行  
 132   1        row4 = 0; row1 = row2 = row3 = 1; //第四行置0
 133   1        column1 = column2 = column3 = column4 = 1; //四列全置1
 134   1        if(column1 == 0)  //[4,1]=c 按下
 135   1        {
 136   2          while(column1 == 0);
 137   2          key_num = 12;
 138   2          DisplayKeyNum(SMG_duanma[key_num]);
 139   2        }
 140   1        else if(column2 == 0) //[4,2]=d 按下
 141   1        {
 142   2          while(column2 == 0);
 143   2          key_num = 13;
 144   2          DisplayKeyNum(SMG_duanma[key_num]);
 145   2        } 
 146   1        else if(column3 == 0) //[4,3]=e 按下
 147   1        {
 148   2          while(column3 == 0);
 149   2          key_num = 14;
 150   2          DisplayKeyNum(SMG_duanma[key_num]);
 151   2        } 
 152   1        else if(column4 == 0) //[4,4]=f 按下
 153   1        {
 154   2          while(column4 == 0);
 155   2          key_num = 15;
 156   2          DisplayKeyNum(SMG_duanma[key_num]);
 157   2        } 
 158   1      }
 159          
 160          void InitSystem() //初始化系统，关掉无关设备（蜂鸣器、继电器这些）
 161          {
 162   1        SelectHC573(4);   //Y4输出低电平,关灯
 163   1        P0 = 0xff;      
 164   1        SelectHC573(5);   //Y5输出低电平
 165   1        P0 = 0x00;      
 166   1      }
 167          
 168          void main()
 169          {
 170   1        InitSystem();
 171   1        while(1)
 172   1        {
 173   2          ScanKeyMulti();
 174   2        }
 175   1      }


MODULE INFORMATION:   STATIC OVERLAYABLE
C51 COMPILER V9.60.0.0   MAIN                                                              03/12/2022 20:47:22 PAGE 4   

   CODE SIZE        =    344    ----
   CONSTANT SIZE    =     18    ----
   XDATA SIZE       =   ----    ----
   PDATA SIZE       =   ----    ----
   DATA SIZE        =      1    ----
   IDATA SIZE       =   ----    ----
   BIT SIZE         =   ----    ----
END OF MODULE INFORMATION.


C51 COMPILATION COMPLETE.  0 WARNING(S),  0 ERROR(S)
