C51 COMPILER V9.60.0.0   LED                                                               03/09/2022 10:41:13 PAGE 1   


C51 COMPILER V9.60.0.0, COMPILATION OF MODULE LED
OBJECT MODULE PLACED IN led.OBJ
COMPILER INVOKED BY: C:\lanqiao_keil_v5\C51\BIN\C51.EXE led.c OPTIMIZE(8,SPEED) BROWSE DEBUG OBJECTEXTEND TABS(2)

line level    source

   1          #include "reg52.h"
   2          
   3          //声明变量
   4          sbit HC138_A = P2^5;
   5          sbit HC138_B = P2^6;
   6          sbit HC138_C = P2^7;
   7          
   8          //手动延时函数实现
   9          void Delay(unsigned int t)
  10          {
  11   1        while(t--);
  12   1        while(t--);
  13   1      }
  14          
  15          void LEDRunning()
  16          {
  17   1        unsigned char i;
  18   1        //选通锁存器                                                       
  19   1        HC138_A = 1;
  20   1        HC138_B = 0;
  21   1        HC138_C = 0;
  22   1      
  23   1        //8个灯全亮，然后全灭，执行三次
  24   1        for(i = 0; i < 3; i++)
  25   1        {
  26   2          P0 = 0x00;   //全亮
  27   2          Delay(40000);
  28   2          Delay(50000);
  29   2          P0 = 0xff;  //全灭
  30   2        }
  31   1      
  32   1        //流水灯实现，L1到L8依次点亮
  33   1        for(i = 1; i <= 8; i++)
  34   1        {
  35   2          P0 = 0xff << i; //依次左移置0
  36   2        }
  37   1        for(i = 1; i <= 8; i++)
  38   1        {
  39   2          P0 = ~(0xff << i);  //依次熄灭    
  40   2        }
  41   1      
  42   1      }
  43          
  44          void  main()
  45          {
  46   1        while(1)
  47   1        {
  48   2          LEDRunning();
  49   2        }
  50   1      
  51   1      
  52   1      }


MODULE INFORMATION:   STATIC OVERLAYABLE
C51 COMPILER V9.60.0.0   LED                                                               03/09/2022 10:41:13 PAGE 2   

   CODE SIZE        =    125    ----
   CONSTANT SIZE    =   ----    ----
   XDATA SIZE       =   ----    ----
   PDATA SIZE       =   ----    ----
   DATA SIZE        =   ----    ----
   IDATA SIZE       =   ----    ----
   BIT SIZE         =   ----    ----
END OF MODULE INFORMATION.


C51 COMPILATION COMPLETE.  0 WARNING(S),  0 ERROR(S)
