C51 COMPILER V9.60.0.0   MAIN                                                              03/13/2022 11:31:41 PAGE 1   


C51 COMPILER V9.60.0.0, COMPILATION OF MODULE MAIN
OBJECT MODULE PLACED IN .\Objects\main.obj
COMPILER INVOKED BY: C:\lanqiao_keil_v5\C51\BIN\C51.EXE main.c OPTIMIZE(8,SPEED) BROWSE DEBUG OBJECTEXTEND PRINT(.\Listi
                    -ngs\main.lst) TABS(2) OBJECT(.\Objects\main.obj)

line level    source

   1          #include "reg52.h"
   2          
   3          sbit L1 = P0^0;
   4          sbit L8 = P0^7;
   5          
   6          void SelectHC573()
   7          {
   8   1        P2 = (P2 & 0x1f) | 0x80;
   9   1      }
  10          
  11          
  12          //===========================================
  13          void InitTimer0()
  14          {
  15   1        TMOD = 0x01;    //¿´±í
  16   1        TH0 = (65535 - 50000) / 256;
  17   1        TL0 = (65535 - 50000) % 256;
  18   1        
  19   1        ET0 = 1;
  20   1        EA = 1;
  21   1        TR0 = 1;
  22   1      }
  23          
  24          
  25          unsigned char count = 0;
  26          void ServiceTimer0() interrupt 1
  27          {
  28   1        TH0 = (65535 - 50000) / 256;
  29   1        TL0 = (65535 - 50000) % 256;
  30   1        
  31   1        count++;
  32   1        if(count % 10 == 0)
  33   1        {
  34   2          L1 = ~L1;
  35   2        }
  36   1        if(count == 100)
  37   1        {
  38   2          L8 = ~L8;
  39   2          count =  0;
  40   2        }
  41   1        
  42   1      }
  43            
  44          //============================================
  45          void main()
  46          {
  47   1        SelectHC573();
  48   1        InitTimer0();
  49   1        while(1)
  50   1        {
  51   2          
  52   2        }
  53   1      }   

C51 COMPILER V9.60.0.0   MAIN                                                              03/13/2022 11:31:41 PAGE 2   


MODULE INFORMATION:   STATIC OVERLAYABLE
   CODE SIZE        =     76    ----
   CONSTANT SIZE    =   ----    ----
   XDATA SIZE       =   ----    ----
   PDATA SIZE       =   ----    ----
   DATA SIZE        =      1    ----
   IDATA SIZE       =   ----    ----
   BIT SIZE         =   ----    ----
END OF MODULE INFORMATION.


C51 COMPILATION COMPLETE.  0 WARNING(S),  0 ERROR(S)
